<?xml version="1.0" encoding="UTF-8"?>
<!-- Generated by org.testng.reporters.JUnitReportReporter -->
<testsuite hostname="DESKTOP-VM5J0J5" failures="0" tests="4" name="dec8.SecondTestNGclass" time="29.922" errors="0" timestamp="2022-12-13T21:52:16 IST" skipped="0">
  <testcase classname="dec8.SecondTestNGclass" name="multipliation" time="6.958"/>
  <system-out>
    <![CDATA[Executing multipliation test]]>
  </system-out>
  <testcase classname="dec8.SecondTestNGclass" name="multipliation" time="7.671"/>
  <system-out>
    <![CDATA[Executing multipliation test]]>
  </system-out>
  <testcase classname="dec8.SecondTestNGclass" name="division" time="7.328"/>
  <system-out>
    <![CDATA[Executing Division test]]>
  </system-out>
  <testcase classname="dec8.SecondTestNGclass" name="adition" time="7.965"/>
  <system-out>
    <![CDATA[Executing Addtion test]]>
  </system-out>
</testsuite> <!-- dec8.SecondTestNGclass -->
