<?xml version="1.0" encoding="UTF-8"?>
<!-- Generated by org.testng.reporters.JUnitReportReporter -->
<testsuite hostname="DESKTOP-VM5J0J5" failures="0" tests="1" name="dec17.FlightRegister" time="19.829" errors="0" timestamp="2022-12-20T23:33:12 IST" skipped="0">
  <testcase classname="dec17.FlightRegister" name="startTest" time="19.829"/>
  <system-out>
    <![CDATA[No of rows are::  6]]>
  </system-out>
</testsuite> <!-- dec17.FlightRegister -->
