<?xml version="1.0" encoding="UTF-8"?>
<!-- Generated by org.testng.reporters.JUnitReportReporter -->
<testsuite hostname="DESKTOP-VM5J0J5" failures="0" tests="1" name="dec13.Assert1" time="11.809" errors="0" timestamp="2022-12-14T00:14:51 IST" skipped="0">
  <testcase classname="dec13.Assert1" name="verifytitle" time="11.809"/>
  <system-out/>
</testsuite> <!-- dec13.Assert1 -->
