<?xml version="1.0" encoding="UTF-8"?>
<!-- Generated by org.testng.reporters.JUnitReportReporter -->
<testsuite hostname="DESKTOP-VM5J0J5" failures="0" tests="1" name="dec13.Assertrue1" time="7.453" errors="0" timestamp="2022-12-14T00:27:31 IST" skipped="0">
  <testcase classname="dec13.Assertrue1" name="verifytitle" time="7.453"/>
  <system-out/>
</testsuite> <!-- dec13.Assertrue1 -->
