<?xml version="1.0" encoding="UTF-8"?>
<!-- Generated by org.testng.reporters.JUnitReportReporter -->
<testsuite hostname="DESKTOP-VM5J0J5" failures="0" tests="1" name="dec13.Propertyfile" time="7.422" errors="0" timestamp="2022-12-13T23:49:54 IST" skipped="0">
  <testcase classname="dec13.Propertyfile" name="Login" time="7.422"/>
  <system-out/>
</testsuite> <!-- dec13.Propertyfile -->
