<?xml version="1.0" encoding="UTF-8"?>
<!-- Generated by org.testng.reporters.JUnitReportReporter -->
<testsuite hostname="DESKTOP-VM5J0J5" failures="0" tests="3" name="dec8.FirstTestNGclass" time="10.312" errors="0" timestamp="2022-12-13T21:52:16 IST" skipped="0">
  <testcase classname="dec8.FirstTestNGclass" name="users" time="3.450"/>
  <system-out>
    <![CDATA[executing users test]]>
  </system-out>
  <testcase classname="dec8.FirstTestNGclass" name="Branches" time="3.443"/>
  <system-out>
    <![CDATA[executing branch test]]>
  </system-out>
  <testcase classname="dec8.FirstTestNGclass" name="roles" time="3.419"/>
  <system-out>
    <![CDATA[executing roles test]]>
  </system-out>
</testsuite> <!-- dec8.FirstTestNGclass -->
